% Compiled module: RUN_2CXM_PHANTOM.
% Compiled module: READ_ANALYZE.
% Compiled module: IDLFFANALYZE__DEFINE.
% Compiled module: RANDOMGAUSS.
% Compiled module: DCEMRIPROCESSOR_FREES0_DEFINE.
init complete
Finished data readin
% Compiled module: LINECOLORS.
% LINECOLORS: 256 color table indices set for WIN device.
% Compiled module: SAMPLE_FROM_ARRAY.
------------------------
% Compiled module: MPCURVEFIT.
% Compiled module: MPFIT.
% Compiled module: FLASH_FUNC.
% Compiled module: TOFTS_OST_EXPC.
% Compiled module: INTERPOL.
% Compiled module: EXPCONVOLUTION.
% Compiled module: TWOCXM_IFIT_DC.
LS params   S0v         10163.5   T1        0.784172   Fp        0.263868
   vp        0.110000   ve        0.239640   FE       0.0568476   S0d   
      9950.87ost    0.0727053
------------------------
LS params   S0v         11025.1   T1        0.954619   Fp        0.261131
   vp       0.0300001   ve       0.0957841   FE       0.0631015   S0d   
      12687.3ost     0.121338
------------------------
LS params   S0v         10430.7   T1        0.856579   Fp        0.305239
   vp       0.0900001   ve        0.898712   FE       0.0322515   S0d   
      10623.5ost    0.0907810
------------------------
LS params   S0v         9569.78   T1        0.920049   Fp        0.178812
   vp       0.0200001   ve        0.251965   FE       0.0880880   S0d   
      8393.02ost    0.0124738
------------------------
LS params   S0v         9765.57   T1        0.924756   Fp        0.256483
   vp       0.0600001   ve        0.208758   FE       0.0731331   S0d   
      7759.48ost     0.105367
------------------------
LS params   S0v         13693.3   T1         1.44850   Fp        0.116121
   vp       0.0200001   ve        0.142946   FE       0.0228193   S0d   
      14725.4ost     0.111986
------------------------
LS params   S0v         11366.0   T1         1.16562   Fp       0.0655781
   vp       0.0100001   ve        0.143583   FE       0.0319775   S0d   
      12907.1ost     0.166618
------------------------
LS params   S0v         9891.00   T1        0.750984   Fp        0.427580
   vp       0.0700001   ve        0.166773   FE       0.0667531   S0d   
      9519.46ost    0.0861280
------------------------
LS params   S0v         11564.8   T1        0.960096   Fp        0.305224
   vp       0.0300001   ve        0.164830   FE       0.0637748   S0d   
      11686.3ost    0.0710521
------------------------
LS params   S0v         12096.7   T1         1.00453   Fp        0.175722
   vp       0.0600001   ve        0.123092   FE       0.0658284   S0d   
      14046.5ost     0.102991
% Expression must be a structure in this context: OUTPUT_STRUCT.
% Execution halted at: RUN_2CXM_PHANTOM  194 C:\Users\ben dickie\Desktop\JE
   Software\run_2cxm_phantom.pro
%                      $MAIN$          
cleanup complete

